$GPGGA,083217.00,,,,,0,00,99.99,,,,,,*69
$GPGSA,A,1,,,,,,,,,,,,,99.99,99.99,99.99*30
$GPGSV,1,1,02,07,,,35,09,,,35*75
$GPGLL,,,,,083217.00,V,N*45
$GPRMC,083218.00,V,,,,,,,131125,,,N*78
$GPVTG,,,,,,,,,N*30
$GPGGA,083218.00,,,,,0,00,99.99,,,,,,*66
$GPGSA,A,1,,,,,,,,,,,,,99.99,99.99,99.99*30
$GPGSV,1,1,02,07,,,35,09,,,35*75
$GPGLL,,,,,083218.00,V,N*4A
$GPRMC,083219.00,V,,,,,,,131125,,,N*79
$GPVTG,,,,,,,,,N*30
$GPGGA,083219.00,,,,,0,00,99.99,,,,,,*67
$GPGSA,A,1,,,,,,,,,,,,,99.99,99.99,99.99*30
$GPGSV,1,1,02,07,,,35,09,,,35*75
$GPGLL,,,,,083219.00,V,N*4B
$GPRMC,083220.00,V,,,,,,,131125,,,N*73
$GPVTG,,,,,,,,,N*30
$GPGGA,083220.00,,,,,0,00,99.99,,,,,,*6D
$GPGSA,A,1,,,,,,,,,,,,,99.99,99.99,99.99*30
$GPGSV,1,1,03,07,,,36,09,,,35,26,,,22*73
$GPGLL,,,,,083220.00,V,N*41
$GPRMC,083221.00,V,,,,,,,131125,,,N*72
$GPVTG,,,,,,,,,N*30
$GPGGA,083221.00,,,,,0,00,99.99,,,,,,*6C
$GPGSA,A,1,,,,,,,,,,,,,99.99,99.99,99.99*30
$GPGSV,1,1,02,07,,,36,09,,,35*76
$GPGLL,,,,,083221.00,V,N*40
$GPRMC,083222.00,V,,,,,,,131125,,,N*71
$GPVTG,,,,,,,,,N*30
$GPGGA,083222.00,,,,,0,00,99.99,,,,,,*6F
$GPGSA,A,1,,,,,,,,,,,,,99.99,99.99,99.99*30
$GPGSV,1,1,02,07,,,36,09,,,35*76
$GPGLL,,,,,083222.00,V,N*43
$GPRMC,083223.00,V,,,,,,,131125,,,N*70
$GPVTG,,,,,,,,,N*30
$GPGGA,083223.00,,,,,0,00,99.99,,,,,,*6E
$GPGSA,A,1,,,,,,,,,,,,,99.99,99.99,99.99*30
$GPGSV,1,1,02,07,,,35,09,,,35*75
$GPGLL,,,,,083223.00,V,N*42
$GPRMC,083224.00,V,,,,,,,131125,,,N*77
$GPVTG,,,,,,,,,N*30
$GPGGA,083224.00,,,,,0,00,99.99,,,,,,*69
$GPGSA,A,1,,,,,,,,,,,,,99.99,99.99,99.99*30
$GPGSV,1,1,02,07,,,36,09,,,35*76
$GPGLL,,,,,083224.00,V,N*45
$GPRMC,083225.00,V,,,,,,,131125,,,N*76
$GPVTG,,,,,,,,,N*30
$GPGGA,083225.00,,,,,0,00,99.99,,,,,,*68
$GPGSA,A,1,,,,,,,,,,,,,99.99,99.99,99.99*30
$GPGSV,1,1,02,07,,,36,09,,,35*76
$GPGLL,,,,,083225.00,V,N*44
$GPRMC,083226.00,V,,,,,,,131125,,,N*75
$GPVTG,,,,,,,,,N*30
$GPGGA,083226.00,,,,,0,00,99.99,,,,,,*6B
$GPGSA,A,1,,,,,,,,,,,,,99.99,99.99,99.99*30
$GPGSV,1,1,02,07,,,36,09,,,35*76
$GPGLL,,,,,083226.00,V,N*47
$GPRMC,083227.00,V,,,,,,,131125,,,N*74
$GPVTG,,,,,,,,,N*30
$GPGGA,083227.00,,,,,0,00,99.99,,,,,,*6A
$GPGSA,A,1,,,,,,,,,,,,,99.99,99.99,99.99*30
$GPGSV,1,1,03,07,,,36,09,,,35,30,,,25*73
$GPGLL,,,,,083227.00,V,N*46
$GPRMC,083228.00,V,,,,,,,131125,,,N*7B
$GPVTG,,,,,,,,,N*30
$GPGGA,083228.00,,,,,0,00,99.99,,,,,,*65
$GPGSA,A,1,,,,,,,,,,,,,99.99,99.99,99.99*30
$GPGSV,1,1,02,07,,,36,09,,,35*76
$GPGLL,,,,,083228.00,V,N*49
$GPRMC,083229.00,V,,,,,,,131125,,,N*7A
$GPVTG,,,,,,,,,N*30
$GPGGA,083229.00,,,,,0,00,99.99,,,,,,*64
$GPGSA,A,1,,,,,,,,,,,,,99.99,99.99,99.99*30
$GPGSV,1,1,02,07,,,36,09,,,35*76
$GPGLL,,,,,083229.00,V,N*48
$GPRMC,083230.00,V,,,,,,,131125,,,N*72
$GPVTG,,,,,,,,,N*30
$GPGGA,083230.00,,,,,0,00,99.99,,,,,,*6C
$GPGSA,A,1,,,,,,,,,,,,,99.99,99.99,99.99*30
$GPGSV,1,1,03,07,,,36,09,,,35,32,,,28*7C
$GPGLL,,,,,083230.00,V,N*40
$GPRMC,083231.00,V,,,,,,,131125,,,N*73
$GPVTG,,,,,,,,,N*30
$GPGGA,083231.00,,,,,0,00,99.99,,,,,,*6D
$GPGSA,A,1,,,,,,,,,,,,,99.99,99.99,99.99*30
$GPGSV,1,1,02,07,,,36,09,,,35*76
$GPGLL,,,,,083231.00,V,N*41
$GPRMC,083232.00,V,,,,,,,131125,,,N*70
$GPVTG,,,,,,,,,N*30
$GPGGA,083232.00,,,,,0,00,99.99,,,,,,*6E
$GPGSA,A,1,,,,,,,,,,,,,99.99,99.99,99.99*30
$GPGSV,1,1,02,07,,,36,09,,,35*76